[ERROR] In relation 31166 (Grüner Ring Hannover - Umlandschleife Sehnde), the way 26817347 is not extending Way #338676238
[ERROR] In relation 11552385 (Radschnellweg Hannover-Lehrte), the way 1162577142 is not extending Way #28168780
[ERROR] In relation 15779864 (Veloroute 2), the way 1167092663 is not extending Way #11139332
[ERROR] In relation 15830237 (Veloroute 3), the way 27067499 is not extending Way #25883461
[ERROR] In relation 15812558 (Veloroute 6), the way 1123179110 is not extending Way #36874867
[ERROR] In relation 12801013 (Veloroute 8), the way 143866038 is not extending Way #143866039
[ERROR] In relation 15850679 (Veloroute 9), the way 30552616 is not extending Way #681071893
[ERROR] In relation 15767528 (Veloroute 12), the way 129709382 is neither extending Way #727323998 nor the branch base Way #332659607
[ERROR] In relation 32538 (Fahrradregion Hannover - Regionsring), the way 62103762 is not extending Way #41207325
[ERROR] In relation 34522 (Fahrradregion Hannover - Regionsroute 1), the way 30552616 is not extending Way #681071893
[ERROR] In relation 31121 (Fahrradregion Hannover - Regionsroute 3), the way 30552616 is not extending Way #681071893
[ERROR] In relation 31122 (Fahrradregion Hannover - Regionsroute 4), the way 30552616 is not extending Way #681071893
[ERROR] In relation 33708 (Fahrradregion Hannover - Regionsroute 5), the way 30552616 is not extending Way #681071893
[ERROR] In relation 33707 (Fahrradregion Hannover - Regionsroute 6), the way 30552616 is not extending Way #681071893
[ERROR] In relation 32554 (Fahrradregion Hannover - Regionsroute 7), the way 30552616 is not extending Way #681071893
[ERROR] In relation 32552 (Fahrradregion Hannover - Regionsroute 8), the way 30552616 is not extending Way #681071893
[ERROR] In relation 33763 (Fahrradregion Hannover - Regionsroute 9), the way 31187148 is not extending Way #220573296
[ERROR] In relation 86648 (Fahrradregion Hannover - Regionsroute 10), the way 25193589 is not extending Way #31676217
[ERROR] In relation 89311 (Fahrradregion Hannover - Regionsroute 11), the way 28169763 is not extending Way #23376350
[ERROR] In relation 106248 (Fahrradregion Hannover - Regionsroute 12), the way 168200775 is not extending Way #50293725
[ERROR] In relation 88142 (Fahrradregion Hannover - Regionsroute 13), the way 1043696640 is not extending Way #32720549
[ERROR] In relation 88143 (Fahrradregion Hannover - Regionsroute 14), the way 31773790 is not extending Way #26825861
[ERROR] In relation 101665 (Fahrradregion Hannover - Regionsroute 15), the way 41207327 is not extending Way #34830723
[ERROR] In relation 7233290 (Kulturroute Hannover, Ergänzungsroute - Herrenhäuser Gärten), the way 23555974 is not extending Way #23967837
[ERROR] In relation 31166 (Grüner Ring Hannover - Umlandschleife Sehnde), the way 26817347 is not extending Way #338676238
[ERROR] In relation 11552385 (Radschnellweg Hannover-Lehrte), the way 1162577142 is not extending Way #28168780
[ERROR] In relation 15779864 (Veloroute 2), the way 1167092663 is not extending Way #11139332
[ERROR] In relation 15830237 (Veloroute 3), the way 27067499 is not extending Way #25883461
[ERROR] In relation 15812558 (Veloroute 6), the way 1123179110 is not extending Way #36874867
[ERROR] In relation 12801013 (Veloroute 8), the way 143866038 is not extending Way #143866039
[ERROR] In relation 15850679 (Veloroute 9), the way 30552616 is not extending Way #681071893
[ERROR] In relation 15767528 (Veloroute 12), the way 129709382 is neither extending Way #727323998 nor the branch base Way #332659607
[ERROR] In relation 32538 (Fahrradregion Hannover - Regionsring), the way 62103762 is not extending Way #41207325
[ERROR] In relation 34522 (Fahrradregion Hannover - Regionsroute 1), the way 30552616 is not extending Way #681071893
[ERROR] In relation 50315 (Fahrradregion Hannover - Regionsroute 2), the way 30552616 is not extending Way #681071893
[ERROR] In relation 31121 (Fahrradregion Hannover - Regionsroute 3), the way 30552616 is not extending Way #681071893
[ERROR] In relation 31122 (Fahrradregion Hannover - Regionsroute 4), the way 30552616 is not extending Way #681071893
[ERROR] In relation 33708 (Fahrradregion Hannover - Regionsroute 5), the way 30552616 is not extending Way #681071893
[ERROR] In relation 33707 (Fahrradregion Hannover - Regionsroute 6), the way 30552616 is not extending Way #681071893
[ERROR] In relation 32554 (Fahrradregion Hannover - Regionsroute 7), the way 30552616 is not extending Way #681071893
[ERROR] In relation 32552 (Fahrradregion Hannover - Regionsroute 8), the way 30552616 is not extending Way #681071893
[ERROR] In relation 33763 (Fahrradregion Hannover - Regionsroute 9), the way 31187148 is not extending Way #220573296
[ERROR] In relation 86648 (Fahrradregion Hannover - Regionsroute 10), the way 25193589 is not extending Way #31676217
[ERROR] In relation 89311 (Fahrradregion Hannover - Regionsroute 11), the way 28169763 is not extending Way #23376350
[ERROR] In relation 106248 (Fahrradregion Hannover - Regionsroute 12), the way 168200775 is not extending Way #50293725
[ERROR] In relation 88142 (Fahrradregion Hannover - Regionsroute 13), the way 1043696640 is not extending Way #32720549
[ERROR] In relation 88143 (Fahrradregion Hannover - Regionsroute 14), the way 31773790 is not extending Way #26825861
[ERROR] In relation 101665 (Fahrradregion Hannover - Regionsroute 15), the way 41207327 is not extending Way #34830723
[ERROR] In relation 7233290 (Kulturroute Hannover, Ergänzungsroute - Herrenhäuser Gärten), the way 23555974 is not extending Way #23967837
[ERROR] In relation 31166 (Grüner Ring Hannover - Umlandschleife Sehnde), the way 26817347 is not extending Way #338676238
[ERROR] In relation 11552385 (Radschnellweg Hannover-Lehrte), the way 1162577142 is not extending Way #28168780
[ERROR] In relation 15779864 (Veloroute 2), the way 1167092663 is not extending Way #11139332
[ERROR] In relation 15830237 (Veloroute 3), the way 27067499 is not extending Way #25883461
[ERROR] In relation 15812558 (Veloroute 6), the way 1123179110 is not extending Way #36874867
[ERROR] In relation 12801013 (Veloroute 8), the way 143866038 is not extending Way #143866039
[ERROR] In relation 15850679 (Veloroute 9), the way 30552616 is not extending Way #681071893
[ERROR] In relation 15767528 (Veloroute 12), the way 129709382 is neither extending Way #727323998 nor the branch base Way #332659607
[ERROR] In relation 32538 (Fahrradregion Hannover - Regionsring), the way 62103762 is not extending Way #41207325
[ERROR] In relation 34522 (Fahrradregion Hannover - Regionsroute 1), the way 30552616 is not extending Way #681071893
[ERROR] In relation 50315 (Fahrradregion Hannover - Regionsroute 2), the way 30552616 is not extending Way #681071893
[ERROR] In relation 31121 (Fahrradregion Hannover - Regionsroute 3), the way 30552616 is not extending Way #681071893
[ERROR] In relation 31122 (Fahrradregion Hannover - Regionsroute 4), the way 30552616 is not extending Way #681071893
[ERROR] In relation 33708 (Fahrradregion Hannover - Regionsroute 5), the way 30552616 is not extending Way #681071893
[ERROR] In relation 33707 (Fahrradregion Hannover - Regionsroute 6), the way 30552616 is not extending Way #681071893
[ERROR] In relation 32554 (Fahrradregion Hannover - Regionsroute 7), the way 30552616 is not extending Way #681071893
[ERROR] In relation 32552 (Fahrradregion Hannover - Regionsroute 8), the way 30552616 is not extending Way #681071893
[ERROR] In relation 33763 (Fahrradregion Hannover - Regionsroute 9), the way 31187148 is not extending Way #220573296
[ERROR] In relation 86648 (Fahrradregion Hannover - Regionsroute 10), the way 25193589 is not extending Way #31676217
[ERROR] In relation 89311 (Fahrradregion Hannover - Regionsroute 11), the way 28169763 is not extending Way #23376350
[ERROR] In relation 106248 (Fahrradregion Hannover - Regionsroute 12), the way 168200775 is not extending Way #50293725
[ERROR] In relation 88142 (Fahrradregion Hannover - Regionsroute 13), the way 1043696640 is not extending Way #32720549
[ERROR] In relation 88143 (Fahrradregion Hannover - Regionsroute 14), the way 31773790 is not extending Way #26825861
[ERROR] In relation 101665 (Fahrradregion Hannover - Regionsroute 15), the way 41207327 is not extending Way #34830723
[ERROR] In relation 7233290 (Kulturroute Hannover, Ergänzungsroute - Herrenhäuser Gärten), the way 23555974 is not extending Way #23967837
[ERROR] In relation 11552385 (Radschnellweg Hannover-Lehrte), the way 1164092607 is not extending Way #1123179108
[ERROR] Way #1164092607 consists of these nodes: 832511877, 1788969303, 832512477, 832511893, 832512483, 9397434151, 832512487, 34042723 
[ERROR] Way #1123179108 consists of these nodes: 34042723, 9397434150, 10271875127 
[ERROR] In relation 15779864 (Veloroute 2), the way 1167092663 is not extending Way #11139332
[ERROR] Way #1167092663 consists of these nodes: 25797832, 7555416696, 25791104 
[ERROR] Way #11139332 consists of these nodes: 25797832, 1565879836, 1565879834, 306565784, 29860254, 1478159970, 306565790, 10075719907, 3842250474, 29860238 
[ERROR] In relation 15830237 (Veloroute 3), the way 27067499 is not extending Way #25883461
[ERROR] Way #27067499 consists of these nodes: 1517001647, 259093185, 268146836, 27280691, 282344882, 265716715 
[ERROR] Way #25883461 consists of these nodes: 270607502, 270607501, 270607500, 278052077, 274128067, 268738239, 266816856, 4917598688, 268735456 
[ERROR] In relation 15812558 (Veloroute 6), the way 1123179110 is not extending Way #36874867
[ERROR] Way #1123179110 consists of these nodes: 10271861762, 832511402 
[ERROR] Way #36874867 consists of these nodes: 832511402, 5914647704, 5928786223, 660880487, 9397434149, 832511190 
[ERROR] In relation 12801013 (Veloroute 8), the way 143866038 is not extending Way #143866039
[ERROR] Way #143866038 consists of these nodes: 60409951, 10080553598, 60409950 
[ERROR] Way #143866039 consists of these nodes: 60409950, 294087989, 674074920, 259867233, 259867238 
[ERROR] In relation 15850679 (Veloroute 9), the way 30552616 is not extending Way #681071893
[ERROR] Way #30552616 consists of these nodes: 1415061140, 367713290, 1415061143, 10128453329, 367713294, 1415061166 
[ERROR] Way #681071893 consists of these nodes: 1415061166, 385758006, 1415061185, 1415061186 
[ERROR] In relation 15767528 (Veloroute 12), the way 129709382 is neither extending Way #727323998 nor the branch base Way #332659607
[ERROR] In relation 32538 (Fahrradregion Hannover - Regionsring), the way 62103762 is not extending Way #41207325
[ERROR] Way #62103762 consists of these nodes: 747373633, 285468726 
[ERROR] Way #41207325 consists of these nodes: 503490273, 543252167, 10756216296, 503490274, 9970577006, 503490275 
[ERROR] In relation 11552385 (Radschnellweg Hannover-Lehrte), the way 1164092607 is not extending Way #1123179108
[ERROR] Way #1164092607 consists of these nodes: 832511877, 1788969303, 832512477, 832511893, 832512483, 9397434151, 832512487, 34042723 
[ERROR] Way #1123179108 consists of these nodes: 34042723, 9397434150, 10271875127 
